2017-12-01_14:32:22: Peer 1003 is connected from Peer 1006
2017-12-01_14:32:22: Peer 1003 is connected from Peer 1004
2017-12-01_14:32:22: Peer 1003 is connected from Peer 1005
2017-12-01_14:32:22: Peer 1003 makes a connection to Peer 1002
2017-12-01_14:32:22: Peer 1003 makes a connection to Peer 1001
2017-12-01_14:32:22: Peer 1003 has the preferred neighbors 1002,1001
2017-12-01_14:32:22: Peer 1003 is unchoked by 1002
2017-12-01_14:32:32: Peer 1003 is unchoked by 1005
2017-12-01_14:32:32: Peer 1003 has downloaded the piece 0 from 1005. Now the number of pieces it has is 1
2017-12-01_14:32:32: Peer 1003 received the ‘interested’ message from 1004
2017-12-01_14:32:32: Peer 1003 received the ‘interested’ message from 1002
2017-12-01_14:32:42: Peer 1003 is choked by 1005
2017-12-01_14:32:42: Peer 1003 is unchoked by 1006
2017-12-01_14:32:52: Peer 1003 is choked by 1005
2017-12-01_14:32:52: Peer 1003 is choked by 1006
2017-12-01_14:32:52: Peer 1003 received the ‘have’ message from 1004 for the piece 1
2017-12-01_14:33:02: Peer 1003 has the preferred neighbors 1002,1001
2017-12-01_14:33:12: Peer 1003 is choked by 1005
2017-12-01_14:33:22: Peer 1003 is unchoked by 1006
2017-12-01_14:33:32: Peer 1003 is choked by 1006
2017-12-01_14:33:42: Peer 1003 has the preferred neighbors 1002,1001
2017-12-01_14:33:42: Peer 1003 is unchoked by 1001
