2017-12-01_13:43:22: Peer 1001 is connected from Peer 1006
2017-12-01_13:43:22: Peer 1001 is connected from Peer 1005
2017-12-01_13:43:22: Peer 1001 is connected from Peer 1002
2017-12-01_13:43:22: Peer 1001 is connected from Peer 1003
2017-12-01_13:43:22: Peer 1001 is connected from Peer 1004
2017-12-01_13:43:22: Peer 1001 has the preferred neighbors 2017-12-01_13:43:22: Peer 1001 received the ‘interested’ message from 1002
2017-12-01_13:43:22: Peer 1001 is unchoked by 1002
2017-12-01_13:43:22: Peer 1001 is unchoked by 1004
2017-12-01_13:43:22: Peer 1001 is unchoked by 1003
2017-12-01_13:43:22: Peer 1001 received the ‘interested’ message from 1003
2017-12-01_13:43:22: Peer 1001 received the ‘interested’ message from 1004
2017-12-01_13:43:32: Peer 1001 received the ‘have’ message from 1004 for the piece 1
2017-12-01_13:43:42: Peer 1001 has the optimistically unchoked neighbor 1003
2017-12-01_13:43:42: Peer 1001 received the ‘have’ message from 1003 for the piece 1
2017-12-01_13:43:52: Peer 1001 has the optimistically unchoked neighbor 1004
2017-12-01_13:43:52: Peer 1001 is choked by 1004
2017-12-01_13:43:52: Peer 1001 is choked by 1004
2017-12-01_13:44:02: Peer 1001 has the optimistically unchoked neighbor 1004
2017-12-01_13:44:02: Peer 1001 is choked by 1003
2017-12-01_13:44:22: Peer 1001 has the optimistically unchoked neighbor 1004
2017-12-01_13:44:32: Peer 1001 has the optimistically unchoked neighbor 1003
2017-12-01_13:44:42: Peer 1001 is choked by 1003
2017-12-01_13:44:52: Peer 1001 has the optimistically unchoked neighbor 1004
2017-12-01_13:44:52: Peer 1001 is choked by 1004
2017-12-01_13:44:52: Peer 1001 is choked by 1004
2017-12-01_13:45:02: Peer 1001 has the optimistically unchoked neighbor 1004
2017-12-01_13:45:22: Peer 1001 has the optimistically unchoked neighbor 1004
2017-12-01_13:45:32: Peer 1001 has the optimistically unchoked neighbor 1004
2017-12-01_13:45:42: Peer 1001 has the optimistically unchoked neighbor 1004
2017-12-01_13:45:52: Peer 1001 has the optimistically unchoked neighbor 1004
2017-12-01_13:46:02: Peer 1001 has the optimistically unchoked neighbor 1004
