2017-12-01_11:10:29: Peer 1004 makes a connection to Peer 1003
2017-12-01_11:10:29: Peer 1004 makes a connection to Peer 1002
2017-12-01_11:10:29: Peer 1004 makes a connection to Peer 1001
2017-12-01_11:10:29: Peer 1004 has the preferred neighbors 1002,1001
2017-12-01_11:10:29: Peer 1004 received the ‘not interested’ message from 1003
2017-12-01_11:10:29: Peer 1004 received the ‘not interested’ message from 1002
2017-12-01_11:10:29: Peer 1004 received the ‘not interested’ message from 1001
2017-12-01_11:10:29: Peer 1004 received the ‘not interested’ message from 1002
2017-12-01_11:10:29: Peer 1004 received the ‘not interested’ message from 1001
2017-12-01_11:10:39: Peer 1004 received the ‘have’ message from 1003 for the piece 1
2017-12-01_11:10:49: Peer 1004 is unchoked by 1001
2017-12-01_11:10:49: Peer 1004 has downloaded the piece 0 from 1001. Now the number of pieces it has is 1
2017-12-01_11:10:49: Peer 1004 is choked by 1003
2017-12-01_11:10:49: Peer 1004 received the ‘interested’ message from 1002
2017-12-01_11:10:59: Peer 1004 is choked by 1001
2017-12-01_11:11:09: Peer 1004 is choked by 1001
2017-12-01_11:11:09: Peer 1004 has the preferred neighbors 1003,1002
2017-12-01_11:11:09: Peer 1004 is choked by 1003
2017-12-01_11:11:49: Peer 1004 has the preferred neighbors 1002,1001
2017-12-01_11:11:49: Peer 1004 is choked by 1003
2017-12-01_11:12:29: Peer 1004 has the preferred neighbors 1002,1001
2017-12-01_11:13:09: Peer 1004 has the preferred neighbors 1002,1001
